<?xml version="1.0" encoding="utf-8"?><testsuites name="pytest tests"><testsuite name="pytest" errors="0" failures="0" skipped="0" tests="15" time="6.268" timestamp="2026-07-17T12:34:06.499974+00:00" hostname="agent-env-62a47f2f-8b19-403a-9f24-c63bc9d2d923"><testcase classname="tests.test_cms" name="test_public_theme_no_auth" time="0.335" /><testcase classname="tests.test_cms" name="test_public_nav_no_auth" time="0.122" /><testcase classname="tests.test_cms" name="test_public_home_page" time="0.109" /><testcase classname="tests.test_cms" name="test_public_unknown_slug_404" time="0.156" /><testcase classname="tests.test_cms" name="test_seed_idempotent" time="0.118" /><testcase classname="tests.test_cms" name="test_admin_pages_no_auth_401" time="0.155" /><testcase classname="tests.test_cms" name="test_admin_pages_user_role_403" time="0.787" /><testcase classname="tests.test_cms" name="test_admin_pages_editor_role_200" time="0.120" /><testcase classname="tests.test_cms" name="test_admin_pages_admin_role_200" time="0.122" /><testcase classname="tests.test_cms" name="test_page_crud_publish_revert_flow" time="1.163" /><testcase classname="tests.test_cms" name="test_reorder_pages" time="0.479" /><testcase classname="tests.test_cms" name="test_theme_draft_publish_flow" time="0.717" /><testcase classname="tests.test_cms" name="test_nav_excludes_in_nav_false" time="0.718" /><testcase classname="tests.test_cms" name="test_events_upcoming_regression" time="0.158" /><testcase classname="tests.test_cms" name="test_admin_stats_regression" time="0.124" /></testsuite></testsuites>