<?xml version="1.0" encoding="utf-8"?><testsuites name="pytest tests"><testsuite name="pytest" errors="0" failures="0" skipped="0" tests="12" time="11.200" timestamp="2026-07-17T13:02:43.070470+00:00" hostname="agent-env-62a47f2f-8b19-403a-9f24-c63bc9d2d923"><testcase classname="tests.test_security_hardening.TestInitialAdminBootstrap" name="test_daniel_is_admin" time="0.396" /><testcase classname="tests.test_security_hardening.TestInitialAdminBootstrap" name="test_bootstrap_log_present" time="0.006" /><testcase classname="tests.test_security_hardening.TestSeedAdminGating" name="test_seed_anon_401" time="0.300" /><testcase classname="tests.test_security_hardening.TestSeedAdminGating" name="test_seed_user_403" time="0.532" /><testcase classname="tests.test_security_hardening.TestSeedAdminGating" name="test_seed_admin_200" time="0.554" /><testcase classname="tests.test_security_hardening.TestSeedAdminGating" name="test_cms_seed_anon_401" time="0.125" /><testcase classname="tests.test_security_hardening.TestSeedAdminGating" name="test_cms_seed_user_403" time="0.119" /><testcase classname="tests.test_security_hardening.TestSeedAdminGating" name="test_cms_seed_admin_200" time="0.100" /><testcase classname="tests.test_security_hardening.TestRateLimitNewsletter" name="test_newsletter_11th_returns_429" time="1.761" /><testcase classname="tests.test_security_hardening.TestRateLimitContact" name="test_contact_6th_returns_429" time="1.153" /><testcase classname="tests.test_security_hardening.TestRateLimitAuthSession" name="test_auth_session_16th_returns_429" time="3.736" /><testcase classname="tests.test_security_hardening.TestRateLimitReservations" name="test_reservations_21st_returns_429" time="2.352" /></testsuite></testsuites>