<?xml version="1.0" encoding="utf-8"?><testsuites name="pytest tests"><testsuite name="pytest" errors="0" failures="1" skipped="0" tests="38" time="57.543" timestamp="2026-07-17T12:34:24.846652+00:00" hostname="agent-env-62a47f2f-8b19-403a-9f24-c63bc9d2d923"><testcase classname="tests.backend_test" name="test_auth_me_admin" time="0.902" /><testcase classname="tests.backend_test" name="test_auth_me_user" time="0.215" /><testcase classname="tests.test_refactor_regression" name="test_reservation_happy_path_expires_in_10_min" time="2.109" /><testcase classname="tests.backend_test" name="test_reservation_decrements_correct_wave" time="1.218"><failure message="AssertionError: GENERAL should decrement by 2. Before={'early_bird': 100, 'general': 236, 'vip': 40}, After={'early_bird': 100, 'general': 238, 'vip': 40}&#10;assert 238 == (236 - 2)">backend/tests/backend_test.py:136: in test_reservation_decrements_correct_wave
    assert waves_after["general"] == waves_before["general"] - 2, \
E   AssertionError: GENERAL should decrement by 2. Before={'early_bird': 100, 'general': 236, 'vip': 40}, After={'early_bird': 100, 'general': 238, 'vip': 40}
E   assert 238 == (236 - 2)</failure></testcase><testcase classname="tests.test_refactor_regression" name="test_max_per_user_cap_enforced" time="1.412" /><testcase classname="tests.backend_test" name="test_reserve_more_than_available_returns_400" time="1.179" /><testcase classname="tests.test_refactor_regression" name="test_single_request_over_cap_rejected" time="1.169" /><testcase classname="tests.backend_test" name="test_discount_welcome10_applied" time="1.092" /><testcase classname="tests.backend_test" name="test_checkout_returns_url_and_creates_txn" time="2.283" /><testcase classname="tests.test_refactor_regression" name="test_wave_not_active_before_window" time="1.177" /><testcase classname="tests.test_refactor_regression" name="test_wave_not_active_after_window" time="1.822" /><testcase classname="tests.backend_test" name="test_finalize_idempotency" time="4.246" /><testcase classname="tests.test_refactor_regression" name="test_discount_invalid_code" time="1.253" /><testcase classname="tests.test_refactor_regression" name="test_discount_wrong_event_scope" time="1.472" /><testcase classname="tests.test_refactor_regression" name="test_discount_expired" time="2.293" /><testcase classname="tests.backend_test" name="test_my_tickets_returns_caller_only" time="0.933" /><testcase classname="tests.backend_test" name="test_invoice_pdf" time="0.160" /><testcase classname="tests.test_refactor_regression" name="test_discount_exhausted" time="2.184" /><testcase classname="tests.test_refactor_regression" name="test_special_link_over_capacity" time="0.994" /><testcase classname="tests.backend_test" name="test_scan_valid_then_already_scanned" time="3.118" /><testcase classname="tests.backend_test" name="test_scan_unknown_qr" time="0.163" /><testcase classname="tests.backend_test" name="test_scan_forbidden_for_user" time="0.119" /><testcase classname="tests.backend_test" name="test_admin_artists_crud" time="0.400" /><testcase classname="tests.test_refactor_regression" name="test_special_link_bypasses_wave_window" time="1.675" /><testcase classname="tests.backend_test" name="test_admin_projects_crud" time="0.370" /><testcase classname="tests.backend_test" name="test_admin_discounts_crud" time="0.422" /><testcase classname="tests.backend_test" name="test_admin_gallery_crud" time="0.602" /><testcase classname="tests.backend_test" name="test_admin_event_create_patch_delete" time="0.540" /><testcase classname="tests.test_daniel_admin_rbac" name="test_daniel_is_admin_and_only_real_user" time="0.552" /><testcase classname="tests.backend_test" name="test_special_link_flow" time="2.827" /><testcase classname="tests.test_daniel_admin_rbac" name="test_auth_me_returns_admin_for_daniel" time="1.541" /><testcase classname="tests.test_daniel_admin_rbac" name="test_admin_stats_returns_200_with_expected_shape" time="1.161" /><testcase classname="tests.test_daniel_admin_rbac" name="test_admin_events_returns_list" time="0.121" /><testcase classname="tests.backend_test" name="test_event_cancel_refunds_tickets" time="32.779" /><testcase classname="tests.test_daniel_admin_rbac" name="test_admin_stats_no_auth_returns_401" time="15.112" /><testcase classname="tests.test_daniel_admin_rbac" name="test_admin_stats_role_user_returns_403" time="15.606" /><testcase classname="tests.test_daniel_admin_rbac" name="test_admin_stats_role_door_returns_403" time="3.339" /><testcase classname="tests.backend_test" name="test_order_refund" time="2.579" /></testsuite></testsuites>