<?xml version="1.0" encoding="utf-8"?><testsuites name="pytest tests"><testsuite name="pytest" errors="0" failures="0" skipped="0" tests="27" time="18.863" timestamp="2026-07-17T10:26:14.484114+00:00" hostname="agent-env-62a47f2f-8b19-403a-9f24-c63bc9d2d923"><testcase classname="tests.test_daniel_admin_rbac" name="test_daniel_is_admin_and_only_real_user" time="0.477" /><testcase classname="tests.backend_test" name="test_auth_me_admin" time="0.280" /><testcase classname="tests.backend_test" name="test_auth_me_user" time="0.195" /><testcase classname="tests.backend_test" name="test_reservation_decrements_correct_wave" time="1.328" /><testcase classname="tests.test_daniel_admin_rbac" name="test_auth_me_returns_admin_for_daniel" time="1.413" /><testcase classname="tests.backend_test" name="test_reserve_more_than_available_returns_400" time="0.771" /><testcase classname="tests.test_daniel_admin_rbac" name="test_admin_stats_returns_200_with_expected_shape" time="0.184" /><testcase classname="tests.test_daniel_admin_rbac" name="test_admin_events_returns_list" time="0.133" /><testcase classname="tests.test_daniel_admin_rbac" name="test_admin_stats_no_auth_returns_401" time="0.207" /><testcase classname="tests.test_daniel_admin_rbac" name="test_admin_stats_role_user_returns_403" time="0.753" /><testcase classname="tests.backend_test" name="test_discount_welcome10_applied" time="1.004" /><testcase classname="tests.test_daniel_admin_rbac" name="test_admin_stats_role_door_returns_403" time="2.315" /><testcase classname="tests.backend_test" name="test_checkout_returns_url_and_creates_txn" time="1.915" /><testcase classname="tests.backend_test" name="test_finalize_idempotency" time="2.571" /><testcase classname="tests.backend_test" name="test_my_tickets_returns_caller_only" time="0.593" /><testcase classname="tests.backend_test" name="test_invoice_pdf" time="0.108" /><testcase classname="tests.backend_test" name="test_scan_valid_then_already_scanned" time="1.854" /><testcase classname="tests.backend_test" name="test_scan_unknown_qr" time="0.098" /><testcase classname="tests.backend_test" name="test_scan_forbidden_for_user" time="0.095" /><testcase classname="tests.backend_test" name="test_admin_artists_crud" time="0.326" /><testcase classname="tests.backend_test" name="test_admin_projects_crud" time="0.287" /><testcase classname="tests.backend_test" name="test_admin_discounts_crud" time="0.296" /><testcase classname="tests.backend_test" name="test_admin_gallery_crud" time="0.286" /><testcase classname="tests.backend_test" name="test_admin_event_create_patch_delete" time="0.425" /><testcase classname="tests.backend_test" name="test_special_link_flow" time="2.061" /><testcase classname="tests.backend_test" name="test_event_cancel_refunds_tickets" time="1.764" /><testcase classname="tests.backend_test" name="test_order_refund" time="1.630" /></testsuite></testsuites>