<?xml version="1.0" encoding="utf-8"?><testsuites name="pytest tests"><testsuite name="pytest" errors="0" failures="1" skipped="0" tests="53" time="94.521" timestamp="2026-07-17T13:03:59.955782+00:00" hostname="agent-env-62a47f2f-8b19-403a-9f24-c63bc9d2d923"><testcase classname="tests.backend_test" name="test_auth_me_admin" time="0.269" /><testcase classname="tests.backend_test" name="test_auth_me_user" time="0.105" /><testcase classname="tests.backend_test" name="test_reservation_decrements_correct_wave" time="0.988" /><testcase classname="tests.backend_test" name="test_reserve_more_than_available_returns_400" time="0.730" /><testcase classname="tests.backend_test" name="test_discount_welcome10_applied" time="0.630" /><testcase classname="tests.backend_test" name="test_checkout_returns_url_and_creates_txn" time="1.340" /><testcase classname="tests.backend_test" name="test_finalize_idempotency" time="2.868" /><testcase classname="tests.backend_test" name="test_my_tickets_returns_caller_only" time="0.668" /><testcase classname="tests.backend_test" name="test_invoice_pdf" time="0.114" /><testcase classname="tests.backend_test" name="test_scan_valid_then_already_scanned" time="2.047" /><testcase classname="tests.backend_test" name="test_scan_unknown_qr" time="0.127" /><testcase classname="tests.backend_test" name="test_scan_forbidden_for_user" time="0.122" /><testcase classname="tests.backend_test" name="test_admin_artists_crud" time="0.317" /><testcase classname="tests.backend_test" name="test_admin_projects_crud" time="15.361" /><testcase classname="tests.backend_test" name="test_admin_discounts_crud" time="30.541" /><testcase classname="tests.backend_test" name="test_admin_gallery_crud" time="0.349" /><testcase classname="tests.backend_test" name="test_admin_event_create_patch_delete" time="0.435" /><testcase classname="tests.backend_test" name="test_special_link_flow" time="2.237" /><testcase classname="tests.backend_test" name="test_event_cancel_refunds_tickets" time="1.875" /><testcase classname="tests.backend_test" name="test_order_refund" time="1.801" /><testcase classname="tests.test_refactor_regression" name="test_reservation_happy_path_expires_in_10_min" time="0.860" /><testcase classname="tests.test_refactor_regression" name="test_max_per_user_cap_enforced" time="0.855" /><testcase classname="tests.test_refactor_regression" name="test_single_request_over_cap_rejected" time="0.728" /><testcase classname="tests.test_refactor_regression" name="test_wave_not_active_before_window" time="0.740" /><testcase classname="tests.test_refactor_regression" name="test_wave_not_active_after_window" time="0.772" /><testcase classname="tests.test_refactor_regression" name="test_discount_invalid_code" time="0.612" /><testcase classname="tests.test_refactor_regression" name="test_discount_wrong_event_scope" time="1.139" /><testcase classname="tests.test_refactor_regression" name="test_discount_expired" time="1.416" /><testcase classname="tests.test_refactor_regression" name="test_discount_exhausted" time="1.451" /><testcase classname="tests.test_refactor_regression" name="test_special_link_over_capacity" time="0.899" /><testcase classname="tests.test_refactor_regression" name="test_special_link_bypasses_wave_window" time="1.147" /><testcase classname="tests.test_daniel_admin_rbac" name="test_daniel_is_admin_and_only_real_user" time="1.239" /><testcase classname="tests.test_daniel_admin_rbac" name="test_auth_me_returns_admin_for_daniel" time="1.041" /><testcase classname="tests.test_daniel_admin_rbac" name="test_admin_stats_returns_200_with_expected_shape" time="0.104" /><testcase classname="tests.test_daniel_admin_rbac" name="test_admin_events_returns_list" time="0.107" /><testcase classname="tests.test_daniel_admin_rbac" name="test_admin_stats_no_auth_returns_401" time="0.276" /><testcase classname="tests.test_daniel_admin_rbac" name="test_admin_stats_role_user_returns_403" time="0.538" /><testcase classname="tests.test_daniel_admin_rbac" name="test_admin_stats_role_door_returns_403" time="1.693" /><testcase classname="tests.test_cms" name="test_public_theme_no_auth" time="0.103" /><testcase classname="tests.test_cms" name="test_public_nav_no_auth" time="0.129" /><testcase classname="tests.test_cms" name="test_public_home_page" time="0.125" /><testcase classname="tests.test_cms" name="test_public_unknown_slug_404" time="0.103" /><testcase classname="tests.test_cms" name="test_seed_idempotent" time="0.099"><failure message="assert 401 == 200&#10; +  where 401 = &lt;Response [401]&gt;.status_code">E   assert 401 == 200
     +  where 401 = &lt;Response [401]&gt;.status_code</failure></testcase><testcase classname="tests.test_cms" name="test_admin_pages_no_auth_401" time="0.108" /><testcase classname="tests.test_cms" name="test_admin_pages_user_role_403" time="0.511" /><testcase classname="tests.test_cms" name="test_admin_pages_editor_role_200" time="0.108" /><testcase classname="tests.test_cms" name="test_admin_pages_admin_role_200" time="0.108" /><testcase classname="tests.test_cms" name="test_page_crud_publish_revert_flow" time="1.027" /><testcase classname="tests.test_cms" name="test_reorder_pages" time="0.490" /><testcase classname="tests.test_cms" name="test_theme_draft_publish_flow" time="0.772" /><testcase classname="tests.test_cms" name="test_nav_excludes_in_nav_false" time="11.933" /><testcase classname="tests.test_cms" name="test_events_upcoming_regression" time="0.175" /><testcase classname="tests.test_cms" name="test_admin_stats_regression" time="0.106" /></testsuite></testsuites>