<?xml version="1.0" encoding="utf-8"?><testsuites name="pytest tests"><testsuite name="pytest" errors="0" failures="0" skipped="0" tests="7" time="4.322" timestamp="2026-07-17T10:12:31.369083+00:00" hostname="agent-env-62a47f2f-8b19-403a-9f24-c63bc9d2d923"><testcase classname="tests.test_daniel_admin_rbac" name="test_daniel_is_admin_and_only_real_user" time="0.404" /><testcase classname="tests.test_daniel_admin_rbac" name="test_auth_me_returns_admin_for_daniel" time="1.020" /><testcase classname="tests.test_daniel_admin_rbac" name="test_admin_stats_returns_200_with_expected_shape" time="0.122" /><testcase classname="tests.test_daniel_admin_rbac" name="test_admin_events_returns_list" time="0.104" /><testcase classname="tests.test_daniel_admin_rbac" name="test_admin_stats_no_auth_returns_401" time="0.116" /><testcase classname="tests.test_daniel_admin_rbac" name="test_admin_stats_role_user_returns_403" time="0.477" /><testcase classname="tests.test_daniel_admin_rbac" name="test_admin_stats_role_door_returns_403" time="1.577" /></testsuite></testsuites>