<?xml version="1.0" encoding="utf-8"?><testsuites name="pytest tests"><testsuite name="pytest" errors="0" failures="0" skipped="0" tests="20" time="16.354" timestamp="2026-07-17T10:02:38.386168+00:00" hostname="agent-env-62a47f2f-8b19-403a-9f24-c63bc9d2d923"><testcase classname="tests.backend_test" name="test_auth_me_admin" time="0.265" /><testcase classname="tests.backend_test" name="test_auth_me_user" time="0.106" /><testcase classname="tests.backend_test" name="test_reservation_decrements_correct_wave" time="0.916" /><testcase classname="tests.backend_test" name="test_reserve_more_than_available_returns_400" time="0.670" /><testcase classname="tests.backend_test" name="test_discount_welcome10_applied" time="0.575" /><testcase classname="tests.backend_test" name="test_checkout_returns_url_and_creates_txn" time="1.345" /><testcase classname="tests.backend_test" name="test_finalize_idempotency" time="2.514" /><testcase classname="tests.backend_test" name="test_my_tickets_returns_caller_only" time="0.648" /><testcase classname="tests.backend_test" name="test_invoice_pdf" time="0.103" /><testcase classname="tests.backend_test" name="test_scan_valid_then_already_scanned" time="1.829" /><testcase classname="tests.backend_test" name="test_scan_unknown_qr" time="0.098" /><testcase classname="tests.backend_test" name="test_scan_forbidden_for_user" time="0.100" /><testcase classname="tests.backend_test" name="test_admin_artists_crud" time="0.324" /><testcase classname="tests.backend_test" name="test_admin_projects_crud" time="0.294" /><testcase classname="tests.backend_test" name="test_admin_discounts_crud" time="0.311" /><testcase classname="tests.backend_test" name="test_admin_gallery_crud" time="0.279" /><testcase classname="tests.backend_test" name="test_admin_event_create_patch_delete" time="0.393" /><testcase classname="tests.backend_test" name="test_special_link_flow" time="2.091" /><testcase classname="tests.backend_test" name="test_event_cancel_refunds_tickets" time="1.739" /><testcase classname="tests.backend_test" name="test_order_refund" time="1.659" /></testsuite></testsuites>